<?xml version="1.0" encoding="UTF-8"?>
<!-- Generated by org.testng.reporters.JUnitReportReporter -->
<testsuite hostname="192.168.1.200" failures="0" tests="1" name="inetbanking.testCases.TC_LoginTest_001" time="21.694" errors="0" timestamp="08 Feb 2023 12:53:37 GMT" skipped="0">
  <testcase classname="inetbanking.testCases.TC_LoginTest_001" name="loginTest" time="21.694"/>
</testsuite> <!-- inetbanking.testCases.TC_LoginTest_001 -->
